<?xml version="1.0" encoding="UTF-8"?>
<testng-results skipped="0" failed="0" ignored="0" total="1" passed="1">
  <reporter-output>
  </reporter-output>
  <suite name="Default suite" duration-ms="2398" started-at="2017-06-28T07:00:51Z" finished-at="2017-06-28T07:00:53Z">
    <groups>
    </groups>
    <test name="Default test" duration-ms="2398" started-at="2017-06-28T07:00:51Z" finished-at="2017-06-28T07:00:53Z">
      <class name="org.apache.plugins.CloudwatchHandlerTest">
        <test-method status="PASS" signature="test()[pri:0, instance:org.apache.plugins.CloudwatchHandlerTest@5ae9a829]" name="test" duration-ms="2386" started-at="2017-06-28T00:00:51Z" finished-at="2017-06-28T00:00:53Z">
          <reporter-output>
          </reporter-output>
        </test-method> <!-- test -->
      </class> <!-- org.apache.plugins.CloudwatchHandlerTest -->
    </test> <!-- Default test -->
  </suite> <!-- Default suite -->
</testng-results>
